<?xml version="1.0" encoding="UTF-8"?>
<!-- Generated by org.testng.reporters.JUnitReportReporter -->
<testsuite hostname="ShigaLaptop" failures="0" tests="1" name="Salesforce.Script.SalesforceScriptTestSFDC" time="7.910" errors="0" timestamp="2023-10-30T22:12:31 EDT" skipped="0">
  <testcase classname="Salesforce.Script.SalesforceScriptTestSFDC" name="login_SalesForceCase4b" time="7.910"/>
  <system-out/>
</testsuite> <!-- Salesforce.Script.SalesforceScriptTestSFDC -->
